Determining if the pthread_create exist failed with the following output:
Change Dir: /home/pitranger/PitROS/src/localization/swiftnav_ros/build/CMakeFiles/CMakeTmp

Run Build Command:"/usr/bin/make" "cmTC_2cf5e/fast"
/usr/bin/make -f CMakeFiles/cmTC_2cf5e.dir/build.make CMakeFiles/cmTC_2cf5e.dir/build
make[1]: Entering directory '/home/pitranger/PitROS/src/localization/swiftnav_ros/build/CMakeFiles/CMakeTmp'
Building C object CMakeFiles/cmTC_2cf5e.dir/CheckSymbolExists.c.o
/usr/bin/cc    -o CMakeFiles/cmTC_2cf5e.dir/CheckSymbolExists.c.o   -c /home/pitranger/PitROS/src/localization/swiftnav_ros/build/CMakeFiles/CMakeTmp/CheckSymbolExists.c
Linking C executable cmTC_2cf5e
/usr/bin/cmake -E cmake_link_script CMakeFiles/cmTC_2cf5e.dir/link.txt --verbose=1
/usr/bin/cc      -rdynamic CMakeFiles/cmTC_2cf5e.dir/CheckSymbolExists.c.o  -o cmTC_2cf5e 
CMakeFiles/cmTC_2cf5e.dir/CheckSymbolExists.c.o: In function `main':
CheckSymbolExists.c:(.text+0x14): undefined reference to `pthread_create'
CheckSymbolExists.c:(.text+0x18): undefined reference to `pthread_create'
collect2: error: ld returned 1 exit status
CMakeFiles/cmTC_2cf5e.dir/build.make:97: recipe for target 'cmTC_2cf5e' failed
make[1]: *** [cmTC_2cf5e] Error 1
make[1]: Leaving directory '/home/pitranger/PitROS/src/localization/swiftnav_ros/build/CMakeFiles/CMakeTmp'
Makefile:126: recipe for target 'cmTC_2cf5e/fast' failed
make: *** [cmTC_2cf5e/fast] Error 2

File /home/pitranger/PitROS/src/localization/swiftnav_ros/build/CMakeFiles/CMakeTmp/CheckSymbolExists.c:
/* */
#include <pthread.h>

int main(int argc, char** argv)
{
  (void)argv;
#ifndef pthread_create
  return ((int*)(&pthread_create))[argc];
#else
  (void)argc;
  return 0;
#endif
}

Determining if the function pthread_create exists in the pthreads failed with the following output:
Change Dir: /home/pitranger/PitROS/src/localization/swiftnav_ros/build/CMakeFiles/CMakeTmp

Run Build Command:"/usr/bin/make" "cmTC_7a159/fast"
/usr/bin/make -f CMakeFiles/cmTC_7a159.dir/build.make CMakeFiles/cmTC_7a159.dir/build
make[1]: Entering directory '/home/pitranger/PitROS/src/localization/swiftnav_ros/build/CMakeFiles/CMakeTmp'
Building C object CMakeFiles/cmTC_7a159.dir/CheckFunctionExists.c.o
/usr/bin/cc   -DCHECK_FUNCTION_EXISTS=pthread_create   -o CMakeFiles/cmTC_7a159.dir/CheckFunctionExists.c.o   -c /usr/share/cmake-3.10/Modules/CheckFunctionExists.c
Linking C executable cmTC_7a159
/usr/bin/cmake -E cmake_link_script CMakeFiles/cmTC_7a159.dir/link.txt --verbose=1
/usr/bin/cc  -DCHECK_FUNCTION_EXISTS=pthread_create    -rdynamic CMakeFiles/cmTC_7a159.dir/CheckFunctionExists.c.o  -o cmTC_7a159 -lpthreads 
/usr/bin/ld: cannot find -lpthreads
collect2: error: ld returned 1 exit status
CMakeFiles/cmTC_7a159.dir/build.make:97: recipe for target 'cmTC_7a159' failed
make[1]: *** [cmTC_7a159] Error 1
make[1]: Leaving directory '/home/pitranger/PitROS/src/localization/swiftnav_ros/build/CMakeFiles/CMakeTmp'
Makefile:126: recipe for target 'cmTC_7a159/fast' failed
make: *** [cmTC_7a159/fast] Error 2


